This is pdfTeX, Version 3.1415926-2.5-1.40.14 (TeX Live 2013/Debian) (format=pdflatex 2014.5.22)  17 FEB 2016 14:04
entering extended mode
 restricted \write18 enabled.
 %&-line parsing enabled.
**intro-writeup.tex
(./intro-writeup.tex
LaTeX2e <2011/06/27>
Babel <3.9h> and hyphenation patterns for 4 languages loaded.
(/usr/share/texlive/texmf-dist/tex/latex/base/article.cls
Document Class: article 2007/10/19 v1.4h Standard LaTeX document class
(/usr/share/texlive/texmf-dist/tex/latex/base/size12.clo
File: size12.clo 2007/10/19 v1.4h Standard LaTeX file (size option)
)
\c@part=\count79
\c@section=\count80
\c@subsection=\count81
\c@subsubsection=\count82
\c@paragraph=\count83
\c@subparagraph=\count84
\c@figure=\count85
\c@table=\count86
\abovecaptionskip=\skip41
\belowcaptionskip=\skip42
\bibindent=\dimen102
)
No file intro-writeup.aux.
\openout1 = `intro-writeup.aux'.

LaTeX Font Info:    Checking defaults for OML/cmm/m/it on input line 2.
LaTeX Font Info:    ... okay on input line 2.
LaTeX Font Info:    Checking defaults for T1/cmr/m/n on input line 2.
LaTeX Font Info:    ... okay on input line 2.
LaTeX Font Info:    Checking defaults for OT1/cmr/m/n on input line 2.
LaTeX Font Info:    ... okay on input line 2.
LaTeX Font Info:    Checking defaults for OMS/cmsy/m/n on input line 2.
LaTeX Font Info:    ... okay on input line 2.
LaTeX Font Info:    Checking defaults for OMX/cmex/m/n on input line 2.
LaTeX Font Info:    ... okay on input line 2.
LaTeX Font Info:    Checking defaults for U/cmr/m/n on input line 2.
LaTeX Font Info:    ... okay on input line 2.

LaTeX Warning: Citation `epa2004local' on page 1 undefined on input line 8.


LaTeX Warning: Citation `epa2004report' on page 1 undefined on input line 10.


LaTeX Warning: Citation `maintainence-cost' on page 1 undefined on input line 1
3.

! Undefined control sequence.
l.27 mechanism \citep
                     {??}, physical structure \citep{??}, and
The control sequence at the end of the top line
of your error message was never \def'ed. If you have
misspelled it (e.g., `\hobx'), type `I' and the correct
spelling (e.g., `I\hbox'). Otherwise just continue,
and I'll forget about whatever was undefined.

! Undefined control sequence.
l.27 ...nism \citep{??}, physical structure \citep
                                                  {??}, and
The control sequence at the end of the top line
of your error message was never \def'ed. If you have
misspelled it (e.g., `\hobx'), type `I' and the correct
spelling (e.g., `I\hbox'). Otherwise just continue,
and I'll forget about whatever was undefined.

! Undefined control sequence.
l.28 detection \citep
                     {??}.  Surprisingly rare, however, are
The control sequence at the end of the top line
of your error message was never \def'ed. If you have
misspelled it (e.g., `\hobx'), type `I' and the correct
spelling (e.g., `I\hbox'). Otherwise just continue,
and I'll forget about whatever was undefined.


LaTeX Warning: Citation `Marlow2011' on page 1 undefined on input line 34.


LaTeX Warning: Citation `Desilva2011' on page 1 undefined on input line 39.


LaTeX Warning: Citation `epa2004report' on page 1 undefined on input line 42.


LaTeX Warning: Citation `Keener2008' on page 1 undefined on input line 44.


LaTeX Warning: Citation `Marlow2011' on page 1 undefined on input line 45.


LaTeX Warning: Citation `He2011' on page 1 undefined on input line 49.


LaTeX Warning: Citation `Keener2008' on page 1 undefined on input line 50.


LaTeX Warning: Citation `hassey2001grease' on page 1 undefined on input line 54
.


LaTeX Warning: Citation `heckler2003best' on page 1 undefined on input line 54.



LaTeX Warning: Citation `parnell2005innovative' on page 1 undefined on input li
ne 54.


LaTeX Warning: Citation `bennett2006atlanta' on page 1 undefined on input line 
54.


LaTeX Warning: Citation `tupper2008fog' on page 1 undefined on input line 54.


LaTeX Warning: Citation `tupper2008fog' on page 1 undefined on input line 56.

[1

{/var/lib/texmf/fonts/map/pdftex/updmap/pdftex.map}]

LaTeX Warning: Citation `romeo2002improved' on page 2 undefined on input line 6
8.

No file intro-writeup.bbl.
[2] (./intro-writeup.aux)

LaTeX Warning: There were undefined references.

 ) 
Here is how much of TeX's memory you used:
 223 strings out of 494985
 2500 string characters out of 6180356
 51247 words of memory out of 5000000
 3524 multiletter control sequences out of 15000+600000
 5456 words of font info for 20 fonts, out of 8000000 for 9000
 36 hyphenation exceptions out of 8191
 22i,4n,21p,173b,107s stack positions out of 5000i,500n,10000p,200000b,80000s
</usr/share/texlive/texmf-dist/fonts/type1/public/amsfonts/cm/cmbx12.pfb></us
r/share/texlive/texmf-dist/fonts/type1/public/amsfonts/cm/cmr12.pfb>
Output written on intro-writeup.pdf (2 pages, 37584 bytes).
PDF statistics:
 19 PDF objects out of 1000 (max. 8388607)
 12 compressed objects within 1 object stream
 0 named destinations out of 1000 (max. 500000)
 1 words of extra memory for PDF output out of 10000 (max. 10000000)

